#
# There is insufficient memory for the Java Runtime Environment to continue.
# Native memory allocation (malloc) failed to allocate 32744 bytes for ChunkPool::allocate
# Possible reasons:
#   The system is out of physical RAM or swap space
#   The process is running with CompressedOops enabled, and the Java Heap may be blocking the growth of the native heap
# Possible solutions:
#   Reduce memory load on the system
#   Increase physical memory or swap space
#   Check if swap backing store is full
#   Decrease Java heap size (-Xmx/-Xms)
#   Decrease number of Java threads
#   Decrease Java thread stack sizes (-Xss)
#   Set larger code cache with -XX:ReservedCodeCacheSize=
#   JVM is running with Zero Based Compressed Oops mode in which the Java heap is
#     placed in the first 32GB address space. The Java Heap base address is the
#     maximum limit for the native heap growth. Please use -XX:HeapBaseMinAddress
#     to set the Java Heap base and to place the Java Heap above 32GB virtual address.
# This output file may be truncated or incomplete.
#
#  Out of Memory Error (./open/src/hotspot/share/memory/arena.cpp:81), pid=4172, tid=16060
#
# JRE version: Java(TM) SE Runtime Environment 18.9 (11.0.7+8) (build 11.0.7+8-LTS)
# Java VM: Java HotSpot(TM) 64-Bit Server VM 18.9 (11.0.7+8-LTS, mixed mode, tiered, compressed oops, g1 gc, windows-amd64)
# No core dump will be written. Minidumps are not enabled by default on client versions of Windows
#

---------------  S U M M A R Y ------------

Command Line: -agentlib:jdwp=transport=dt_socket,address=127.0.0.1:52307,suspend=y,server=n -XX:TieredStopAtLevel=1 -Xverify:none -Dspring.output.ansi.enabled=always -javaagent:C:\Users\wu\AppData\Local\JetBrains\IntelliJIdea2021.1\captureAgent\debugger-agent.jar -Dcom.sun.management.jmxremote -Dspring.jmx.enabled=true -Dspring.liveBeansView.mbeanDomain -Dspring.application.admin.enabled=true -Dfile.encoding=UTF-8 icu.junyao.gateway.ApiGatewayApplication

Host: Intel(R) Core(TM) i7-8750H CPU @ 2.20GHz, 12 cores, 15G,  Windows 10 , 64 bit Build 22000 (10.0.22000.318)
Time: Tue Dec  7 19:45:19 2021 中国标准时间 elapsed time: 20648 seconds (0d 5h 44m 8s)

---------------  T H R E A D  ---------------

Current thread (0x000002b352126000):  VMThread "VM Thread" [stack: 0x000000c7a9a00000,0x000000c7a9b00000] [id=16060] _threads_hazard_ptr=0x000002b355b9aff0

Stack: [0x000000c7a9a00000,0x000000c7a9b00000]
[error occurred during error reporting (printing stack bounds), id 0xc0000005, EXCEPTION_ACCESS_VIOLATION (0xc0000005) at pc=0x000002b335ed0bad]

Native frames: (J=compiled Java code, j=interpreted, Vv=VM code, C=native code)
V  [jvm.dll+0x661a7a]
V  [jvm.dll+0x7a1b2f]
V  [jvm.dll+0x7a31d5]
V  [jvm.dll+0x7a37a5]
V  [jvm.dll+0x7a375b]
V  [jvm.dll+0x661176]
V  [jvm.dll+0x661548]
C  [ntdll.dll+0xa82ff]
C  [ntdll.dll+0x35a0a]
C  [ntdll.dll+0xa730e]
C  0x000002b335ed0bad

VM_Operation (0x000000c7ac7fd700): BulkRevokeBias, mode: safepoint, requested by thread 0x000002b355fe6000


---------------  P R O C E S S  ---------------

Threads class SMR info:
_java_thread_list=0x000002b355b9aff0, length=98, elements={
0x000002b35212b000, 0x000002b352157000, 0x000002b3521bd800, 0x000002b3521be800,
0x000002b3521bf800, 0x000002b3521c3800, 0x000002b352314800, 0x000002b35239d800,
0x000002b3523ac800, 0x000002b3523ad800, 0x000002b352979800, 0x000002b352afa800,
0x000002b35383c800, 0x000002b3558a1000, 0x000002b3558a2800, 0x000002b35583a800,
0x000002b35594e800, 0x000002b355983800, 0x000002b355a46800, 0x000002b355a45800,
0x000002b355a47000, 0x000002b355a49800, 0x000002b355a48000, 0x000002b355a44000,
0x000002b355a49000, 0x000002b355a4a800, 0x000002b355fe4800, 0x000002b355fe2000,
0x000002b355fe1000, 0x000002b355fdf800, 0x000002b355fe5000, 0x000002b355fe6000,
0x000002b355fe0800, 0x000002b355fe3000, 0x000002b355fec000, 0x000002b355fea000,
0x000002b355fe7800, 0x000002b355fe8800, 0x000002b355fe7000, 0x000002b355feb000,
0x000002b355fee000, 0x000002b355fec800, 0x000002b355fed800, 0x000002b355a45000,
0x000002b352c8c800, 0x000002b352c8a000, 0x000002b352c88800, 0x000002b352c8b000,
0x000002b352c89000, 0x000002b352c8b800, 0x000002b352c8d000, 0x000002b352c87800,
0x000002b352c93000, 0x000002b352c8f800, 0x000002b352c90800, 0x000002b352c8e000,
0x000002b352c92000, 0x000002b352c91800, 0x000002b352c94000, 0x000002b352c94800,
0x000002b352c8f000, 0x000002b352c96000, 0x000002b352c95800, 0x000002b355fe9800,
0x000002b356699000, 0x000002b35669f800, 0x000002b35669f000, 0x000002b35669e000,
0x000002b35669d800, 0x000002b35669b000, 0x000002b35669a000, 0x000002b35669c800,
0x000002b3566a0800, 0x000002b3566a1800, 0x000002b35669b800, 0x000002b3566a4800,
0x000002b3566a5800, 0x000002b3566a7000, 0x000002b3566a6800, 0x000002b3566a4000,
0x000002b3566a8000, 0x000002b3566a3000, 0x000002b3566a2000, 0x000002b3580d4800,
0x000002b3580d3800, 0x000002b3580cf000, 0x000002b3580d1800, 0x000002b3580d3000,
0x000002b3580d0800, 0x000002b3580d2000, 0x000002b3580cf800, 0x000002b3580d8000,
0x000002b3580db000, 0x000002b3580da800, 0x000002b3580d5800, 0x000002b3580dc000,
0x000002b3580d6000, 0x000002b3580d7000
}

Java Threads: ( => current thread )
  0x000002b35212b000 JavaThread "Reference Handler" daemon [_thread_blocked, id=20284, stack(0x000000c7a9b00000,0x000000c7a9c00000)]
  0x000002b352157000 JavaThread "Finalizer" daemon [_thread_blocked, id=17628, stack(0x000000c7a9c00000,0x000000c7a9d00000)]
  0x000002b3521bd800 JavaThread "Signal Dispatcher" daemon [_thread_blocked, id=8836, stack(0x000000c7a9d00000,0x000000c7a9e00000)]
  0x000002b3521be800 JavaThread "Attach Listener" daemon [_thread_blocked, id=10496, stack(0x000000c7a9e00000,0x000000c7a9f00000)]
  0x000002b3521bf800 JavaThread "C1 CompilerThread0" daemon [_thread_blocked, id=16756, stack(0x000000c7a9f00000,0x000000c7aa000000)]
  0x000002b3521c3800 JavaThread "Sweeper thread" daemon [_thread_blocked, id=11336, stack(0x000000c7aa000000,0x000000c7aa100000)]
  0x000002b352314800 JavaThread "Common-Cleaner" daemon [_thread_blocked, id=10768, stack(0x000000c7aa100000,0x000000c7aa200000)]
  0x000002b35239d800 JavaThread "JDWP Transport Listener: dt_socket" daemon [_thread_blocked, id=16116, stack(0x000000c7aa200000,0x000000c7aa300000)]
  0x000002b3523ac800 JavaThread "JDWP Event Helper Thread" daemon [_thread_blocked, id=22112, stack(0x000000c7aa300000,0x000000c7aa400000)]
  0x000002b3523ad800 JavaThread "JDWP Command Reader" daemon [_thread_in_native, id=13456, stack(0x000000c7aa400000,0x000000c7aa500000)]
  0x000002b352979800 JavaThread "Service Thread" daemon [_thread_blocked, id=5680, stack(0x000000c7aa500000,0x000000c7aa600000)]
  0x000002b352afa800 JavaThread "RMI TCP Accept-0" daemon [_thread_in_native, id=22872, stack(0x000000c7aa600000,0x000000c7aa700000)]
  0x000002b35383c800 JavaThread "RMI Scheduler(0)" daemon [_thread_blocked, id=20384, stack(0x000000c7aae00000,0x000000c7aaf00000)]
  0x000002b3558a1000 JavaThread "Catalina-utility-1" [_thread_blocked, id=8520, stack(0x000000c7aaf00000,0x000000c7ab000000)]
  0x000002b3558a2800 JavaThread "Catalina-utility-2" [_thread_blocked, id=23096, stack(0x000000c7ab200000,0x000000c7ab300000)]
  0x000002b35583a800 JavaThread "container-0" [_thread_blocked, id=15072, stack(0x000000c7ab300000,0x000000c7ab400000)]
  0x000002b35594e800 JavaThread "boundedElastic-evictor-1" daemon [_thread_blocked, id=6792, stack(0x000000c7ab400000,0x000000c7ab500000)]
  0x000002b355983800 JavaThread "spring.cloud.inetutils" daemon [_thread_blocked, id=6808, stack(0x000000c7ab500000,0x000000c7ab600000)]
  0x000002b355a46800 JavaThread "logback-1" daemon [_thread_blocked, id=3852, stack(0x000000c7ab600000,0x000000c7ab700000)]
  0x000002b355a45800 JavaThread "com.alibaba.nacos.client.naming.updater" daemon [_thread_blocked, id=14876, stack(0x000000c7ab700000,0x000000c7ab800000)]
  0x000002b355a47000 JavaThread "com.alibaba.nacos.client.naming.updater" daemon [_thread_blocked, id=22660, stack(0x000000c7ab800000,0x000000c7ab900000)]
  0x000002b355a49800 JavaThread "com.alibaba.nacos.naming.failover" daemon [_thread_blocked, id=19652, stack(0x000000c7ab900000,0x000000c7aba00000)]
  0x000002b355a48000 JavaThread "com.alibaba.nacos.naming.push.receiver" daemon [_thread_in_native, id=15812, stack(0x000000c7aba00000,0x000000c7abb00000)]
  0x000002b355a44000 JavaThread "nacos.publisher-com.alibaba.nacos.common.notify.SlowEvent" daemon [_thread_blocked, id=17548, stack(0x000000c7abb00000,0x000000c7abc00000)]
  0x000002b355a49000 JavaThread "nacos.publisher-com.alibaba.nacos.client.naming.event.InstancesChangeEvent" daemon [_thread_blocked, id=17028, stack(0x000000c7abc00000,0x000000c7abd00000)]
  0x000002b355a4a800 JavaThread "com.alibaba.nacos.client.identify.watcher.0" daemon [_thread_blocked, id=18080, stack(0x000000c7abd00000,0x000000c7abe00000)]
  0x000002b355fe4800 JavaThread "com.alibaba.nacos.client.naming.updater" daemon [_thread_blocked, id=18144, stack(0x000000c7ac100000,0x000000c7ac200000)]
  0x000002b355fe2000 JavaThread "Nacos-Watch-Task-Scheduler-1" [_thread_blocked, id=15148, stack(0x000000c7ac300000,0x000000c7ac400000)]
  0x000002b355fe1000 JavaThread "http-nio-3333-Poller" daemon [_thread_in_native, id=7160, stack(0x000000c7ac400000,0x000000c7ac500000)]
  0x000002b355fdf800 JavaThread "http-nio-3333-Acceptor" daemon [_thread_in_native, id=22884, stack(0x000000c7ac500000,0x000000c7ac600000)]
  0x000002b355fe5000 JavaThread "boundedElastic-1" daemon [_thread_blocked, id=19448, stack(0x000000c7ac600000,0x000000c7ac700000)]
  0x000002b355fe6000 JavaThread "boundedElastic-2" daemon [_thread_blocked, id=13280, stack(0x000000c7ac700000,0x000000c7ac800000)]
  0x000002b355fe0800 JavaThread "com.alibaba.nacos.naming.beat.sender" daemon [_thread_blocked, id=9664, stack(0x000000c7ac800000,0x000000c7ac900000)]
  0x000002b355fe3000 JavaThread "DestroyJavaVM" [_thread_blocked, id=12072, stack(0x000000c7a9400000,0x000000c7a9500000)]
  0x000002b355fec000 JavaThread "boundedElastic-4" daemon [_thread_blocked, id=11128, stack(0x000000c7ac900000,0x000000c7aca00000)]
  0x000002b355fea000 JavaThread "boundedElastic-3" daemon [_thread_blocked, id=13612, stack(0x000000c7aca00000,0x000000c7acb00000)]
  0x000002b355fe7800 JavaThread "com.alibaba.nacos.client.naming.updater" daemon [_thread_blocked, id=12856, stack(0x000000c7acb00000,0x000000c7acc00000)]
  0x000002b355fe8800 JavaThread "com.alibaba.nacos.client.naming.updater" daemon [_thread_blocked, id=14768, stack(0x000000c7acc00000,0x000000c7acd00000)]
  0x000002b355fe7000 JavaThread "com.alibaba.nacos.client.naming.updater" daemon [_thread_blocked, id=16940, stack(0x000000c7ace00000,0x000000c7acf00000)]
  0x000002b355feb000 JavaThread "com.alibaba.nacos.naming.beat.sender" daemon [_thread_blocked, id=19608, stack(0x000000c7acf00000,0x000000c7ad000000)]
  0x000002b355fee000 JavaThread "com.alibaba.nacos.naming.beat.sender" daemon [_thread_blocked, id=5540, stack(0x000000c7ad000000,0x000000c7ad100000)]
  0x000002b355fec800 JavaThread "com.alibaba.nacos.client.naming.updater" daemon [_thread_blocked, id=940, stack(0x000000c7ad100000,0x000000c7ad200000)]
  0x000002b355fed800 JavaThread "com.alibaba.nacos.client.naming.updater" daemon [_thread_blocked, id=14000, stack(0x000000c7ad200000,0x000000c7ad300000)]
  0x000002b355a45000 JavaThread "com.alibaba.nacos.naming.beat.sender" daemon [_thread_blocked, id=9352, stack(0x000000c7ad300000,0x000000c7ad400000)]
  0x000002b352c8c800 JavaThread "com.alibaba.nacos.naming.beat.sender" daemon [_thread_blocked, id=18868, stack(0x000000c7ad400000,0x000000c7ad500000)]
  0x000002b352c8a000 JavaThread "com.alibaba.nacos.naming.beat.sender" daemon [_thread_blocked, id=10772, stack(0x000000c7ad700000,0x000000c7ad800000)]
  0x000002b352c88800 JavaThread "logback-2" daemon [_thread_blocked, id=21352, stack(0x000000c7ad800000,0x000000c7ad900000)]
  0x000002b352c8b000 JavaThread "logback-3" daemon [_thread_blocked, id=4348, stack(0x000000c7a9100000,0x000000c7a9200000)]
  0x000002b352c89000 JavaThread "boundedElastic-5" daemon [_thread_blocked, id=17636, stack(0x000000c7a9200000,0x000000c7a9300000)]
  0x000002b352c8b800 JavaThread "logback-4" daemon [_thread_blocked, id=18820, stack(0x000000c7a9300000,0x000000c7a9400000)]
  0x000002b352c8d000 JavaThread "boundedElastic-6" daemon [_thread_blocked, id=2776, stack(0x000000c7aad00000,0x000000c7aae00000)]
  0x000002b352c87800 JavaThread "logback-5" daemon [_thread_blocked, id=22544, stack(0x000000c7acd00000,0x000000c7ace00000)]
  0x000002b352c93000 JavaThread "logback-6" daemon [_thread_blocked, id=4928, stack(0x000000c7ad500000,0x000000c7ad600000)]
  0x000002b352c8f800 JavaThread "logback-7" daemon [_thread_blocked, id=15552, stack(0x000000c7ad600000,0x000000c7ad700000)]
  0x000002b352c90800 JavaThread "logback-8" daemon [_thread_blocked, id=16000, stack(0x000000c7ad900000,0x000000c7ada00000)]
  0x000002b352c8e000 JavaThread "http-nio-3333-exec-1" daemon [_thread_blocked, id=13668, stack(0x000000c7ada00000,0x000000c7adb00000)]
  0x000002b352c92000 JavaThread "sentinel-command-center-executor-thread-1" [_thread_in_native, id=19580, stack(0x000000c7adc00000,0x000000c7add00000)]
  0x000002b352c91800 JavaThread "sentinel-heartbeat-send-task-thread-1" daemon [_thread_blocked, id=16724, stack(0x000000c7adb00000,0x000000c7adc00000)]
  0x000002b352c94000 JavaThread "sentinel-time-tick-thread" daemon [_thread_blocked, id=5712, stack(0x000000c7add00000,0x000000c7ade00000)]
  0x000002b352c94800 JavaThread "sentinel-system-status-record-task-thread-1" daemon [_thread_blocked, id=20916, stack(0x000000c7ade00000,0x000000c7adf00000)]
  0x000002b352c8f000 JavaThread "sentinel-metrics-record-task-thread-1" daemon [_thread_blocked, id=11980, stack(0x000000c7adf00000,0x000000c7ae000000)]
  0x000002b352c96000 JavaThread "http-nio-3333-exec-2" daemon [_thread_blocked, id=19108, stack(0x000000c7ae000000,0x000000c7ae100000)]
  0x000002b352c95800 JavaThread "parallel-1" daemon [_thread_blocked, id=19880, stack(0x000000c7ae100000,0x000000c7ae200000)]
  0x000002b355fe9800 JavaThread "pool-5-thread-1" daemon [_thread_blocked, id=7968, stack(0x000000c7ae200000,0x000000c7ae300000)]
  0x000002b356699000 JavaThread "reactor-http-nio-1" daemon [_thread_in_native, id=16848, stack(0x000000c7ae500000,0x000000c7ae600000)]
  0x000002b35669f800 JavaThread "reactor-http-nio-2" daemon [_thread_in_native, id=15752, stack(0x000000c7ae600000,0x000000c7ae700000)]
  0x000002b35669f000 JavaThread "reactor-http-nio-3" daemon [_thread_in_native, id=2836, stack(0x000000c7ae700000,0x000000c7ae800000)]
  0x000002b35669e000 JavaThread "reactor-http-nio-4" daemon [_thread_in_native, id=20044, stack(0x000000c7ae800000,0x000000c7ae900000)]
  0x000002b35669d800 JavaThread "reactor-http-nio-5" daemon [_thread_in_native, id=14332, stack(0x000000c7ae900000,0x000000c7aea00000)]
  0x000002b35669b000 JavaThread "reactor-http-nio-6" daemon [_thread_in_native, id=4956, stack(0x000000c7aea00000,0x000000c7aeb00000)]
  0x000002b35669a000 JavaThread "reactor-http-nio-7" daemon [_thread_in_native, id=21100, stack(0x000000c7aeb00000,0x000000c7aec00000)]
  0x000002b35669c800 JavaThread "reactor-http-nio-8" daemon [_thread_in_native, id=22676, stack(0x000000c7aec00000,0x000000c7aed00000)]
  0x000002b3566a0800 JavaThread "reactor-http-nio-9" daemon [_thread_in_native, id=23308, stack(0x000000c7aed00000,0x000000c7aee00000)]
  0x000002b3566a1800 JavaThread "reactor-http-nio-10" daemon [_thread_in_native, id=13844, stack(0x000000c7aee00000,0x000000c7aef00000)]
  0x000002b35669b800 JavaThread "reactor-http-nio-11" daemon [_thread_in_native, id=17980, stack(0x000000c7aef00000,0x000000c7af000000)]
  0x000002b3566a4800 JavaThread "reactor-http-nio-12" daemon [_thread_in_native, id=17100, stack(0x000000c7af000000,0x000000c7af100000)]
  0x000002b3566a5800 JavaThread "Thread-38" daemon [_thread_in_native, id=16588, stack(0x000000c7af100000,0x000000c7af200000)]
  0x000002b3566a7000 JavaThread "http-nio-3333-exec-3" daemon [_thread_blocked, id=19528, stack(0x000000c7af400000,0x000000c7af500000)]
  0x000002b3566a6800 JavaThread "http-nio-3333-exec-4" daemon [_thread_blocked, id=13220, stack(0x000000c7af500000,0x000000c7af600000)]
  0x000002b3566a4000 JavaThread "http-nio-3333-exec-5" daemon [_thread_blocked, id=12976, stack(0x000000c7af600000,0x000000c7af700000)]
  0x000002b3566a8000 JavaThread "http-nio-3333-exec-6" daemon [_thread_blocked, id=7052, stack(0x000000c7af700000,0x000000c7af800000)]
  0x000002b3566a3000 JavaThread "http-nio-3333-exec-7" daemon [_thread_blocked, id=18812, stack(0x000000c7af800000,0x000000c7af900000)]
  0x000002b3566a2000 JavaThread "http-nio-3333-exec-8" daemon [_thread_blocked, id=18712, stack(0x000000c7af900000,0x000000c7afa00000)]
  0x000002b3580d4800 JavaThread "http-nio-3333-exec-9" daemon [_thread_blocked, id=22180, stack(0x000000c7afa00000,0x000000c7afb00000)]
  0x000002b3580d3800 JavaThread "sentinel-heartbeat-send-task-thread-2" daemon [_thread_blocked, id=22864, stack(0x000000c7afb00000,0x000000c7afc00000)]
  0x000002b3580cf000 JavaThread "http-nio-3333-exec-10" daemon [_thread_blocked, id=20092, stack(0x000000c7afc00000,0x000000c7afd00000)]
  0x000002b3580d1800 JavaThread "parallel-2" daemon [_thread_blocked, id=21408, stack(0x000000c7ae300000,0x000000c7ae400000)]
  0x000002b3580d3000 JavaThread "parallel-3" daemon [_thread_blocked, id=11164, stack(0x000000c7ae400000,0x000000c7ae500000)]
  0x000002b3580d0800 JavaThread "parallel-4" daemon [_thread_blocked, id=13732, stack(0x000000c7afd00000,0x000000c7afe00000)]
  0x000002b3580d2000 JavaThread "parallel-5" daemon [_thread_blocked, id=15560, stack(0x000000c7afe00000,0x000000c7aff00000)]
  0x000002b3580cf800 JavaThread "parallel-6" daemon [_thread_blocked, id=3560, stack(0x000000c7aff00000,0x000000c7b0000000)]
  0x000002b3580d8000 JavaThread "parallel-7" daemon [_thread_blocked, id=15648, stack(0x000000c7b0000000,0x000000c7b0100000)]
  0x000002b3580db000 JavaThread "parallel-8" daemon [_thread_blocked, id=20508, stack(0x000000c7b0100000,0x000000c7b0200000)]
  0x000002b3580da800 JavaThread "parallel-9" daemon [_thread_blocked, id=18800, stack(0x000000c7b0200000,0x000000c7b0300000)]
  0x000002b3580d5800 JavaThread "parallel-10" daemon [_thread_blocked, id=19244, stack(0x000000c7b0300000,0x000000c7b0400000)]
  0x000002b3580dc000 JavaThread "parallel-11" daemon [_thread_blocked, id=14104, stack(0x000000c7b0400000,0x000000c7b0500000)]
  0x000002b3580d6000 JavaThread "parallel-12" daemon [_thread_blocked, id=14356, stack(0x000000c7b0500000,0x000000c7b0600000)]
  0x000002b3580d7000 JavaThread "Keep-Alive-Timer" daemon [_thread_blocked, id=5672, stack(0x000000c7ac200000,0x000000c7ac300000)]

Other Threads:
=>0x000002b352126000 VMThread "VM Thread" [stack: 0x000000c7a9a00000,0x000000c7a9b00000] [id=16060] _threads_hazard_ptr=0x000002b355b9aff0
  0x000002b352b24800 WatcherThread [stack: 0x000000c7aa700000,0x000000c7aa800000] [id=17880]
  0x000002b32daf6800 GCTaskThread "GC Thread#0" [stack: 0x000000c7a9500000,0x000000c7a9600000] [id=1816]
  0x000002b352beb800 GCTaskThread "GC Thread#1" [stack: 0x000000c7aa800000,0x000000c7aa900000] [id=6520]
  0x000002b352bec000 GCTaskThread "GC Thread#2" [stack: 0x000000c7aa900000,0x000000c7aaa00000] [id=21424]
  0x000002b352c15800 GCTaskThread "GC Thread#3" [stack: 0x000000c7aaa00000,0x000000c7aab00000] [id=5516]
  0x000002b352c17000 GCTaskThread "GC Thread#4" [stack: 0x000000c7aab00000,0x000000c7aac00000] [id=21368]
  0x000002b352bfd800 GCTaskThread "GC Thread#5" [stack: 0x000000c7aac00000,0x000000c7aad00000] [id=18468]
  0x000002b355f15000 GCTaskThread "GC Thread#6" [stack: 0x000000c7abe00000,0x000000c7abf00000] [id=22064]
  0x000002b355f15800 GCTaskThread "GC Thread#7" [stack: 0x000000c7abf00000,0x000000c7ac000000] [id=7572]
  0x000002b356183800 GCTaskThread "GC Thread#8" [stack: 0x000000c7af200000,0x000000c7af300000] [id=15956]
  0x000002b3564cc000 GCTaskThread "GC Thread#9" [stack: 0x000000c7af300000,0x000000c7af400000] [id=18348]
  0x000002b32db53000 ConcurrentGCThread "G1 Main Marker" [stack: 0x000000c7a9600000,0x000000c7a9700000] [id=17196]
  0x000002b32db54800 ConcurrentGCThread "G1 Conc#0" [stack: 0x000000c7a9700000,0x000000c7a9800000] [id=13184]
  0x000002b35397d800 ConcurrentGCThread "G1 Conc#1" [stack: 0x000000c7ab000000,0x000000c7ab100000] [id=13124]
  0x000002b353a52800 ConcurrentGCThread "G1 Conc#2" [stack: 0x000000c7ab100000,0x000000c7ab200000] [id=11988]
  0x000002b351783800 ConcurrentGCThread "G1 Refine#0" [stack: 0x000000c7a9800000,0x000000c7a9900000] [id=10032]
  0x000002b351784800 ConcurrentGCThread "G1 Young RemSet Sampling" [stack: 0x000000c7a9900000,0x000000c7a9a00000] [id=15800]

Threads with active compile tasks:

VM state:at safepoint (normal execution)

VM Mutex/Monitor currently owned by a thread:  ([mutex/lock_event])
[0x000002b32dadcde0] Threads_lock - owner thread: 0x000002b352126000

Heap address: 0x0000000702600000, size: 4058 MB, Compressed Oops mode: Zero based, Oop shift amount: 3
Narrow klass base: 0x0000000800000000, Narrow klass shift: 0
Compressed class space size: 1073741824 Address: 0x0000000800000000

Heap:
 garbage-first heap   total 260096K, used 121666K [0x0000000702600000, 0x0000000800000000)
  region size 1024K, 94 young (96256K), 2 survivors (2048K)
 Metaspace       used 58629K, capacity 60659K, committed 60848K, reserved 1101824K
  class space    used 7436K, capacity 8242K, committed 8352K, reserved 1048576K
Heap Regions: E=young(eden), S=young(survivor), O=old, HS=humongous(starts), HC=humongous(continues), CS=collection set, F=free, A=archive, TAMS=top-at-mark-start (previous, next)
|   0|0x0000000702600000, 0x0000000702700000, 0x0000000702700000|100%| O|  |TAMS 0x0000000702700000, 0x0000000702600000| Untracked 
|   1|0x0000000702700000, 0x0000000702800000, 0x0000000702800000|100%| O|  |TAMS 0x0000000702800000, 0x0000000702700000| Untracked 
|   2|0x0000000702800000, 0x0000000702900000, 0x0000000702900000|100%| O|  |TAMS 0x0000000702900000, 0x0000000702800000| Untracked 
|   3|0x0000000702900000, 0x0000000702a00000, 0x0000000702a00000|100%| O|  |TAMS 0x0000000702a00000, 0x0000000702900000| Untracked 
|   4|0x0000000702a00000, 0x0000000702b00000, 0x0000000702b00000|100%| O|  |TAMS 0x0000000702b00000, 0x0000000702a00000| Untracked 
|   5|0x0000000702b00000, 0x0000000702c00000, 0x0000000702c00000|100%| O|  |TAMS 0x0000000702c00000, 0x0000000702b00000| Untracked 
|   6|0x0000000702c00000, 0x0000000702d00000, 0x0000000702d00000|100%| O|  |TAMS 0x0000000702d00000, 0x0000000702c00000| Untracked 
|   7|0x0000000702d00000, 0x0000000702e00000, 0x0000000702e00000|100%| O|  |TAMS 0x0000000702e00000, 0x0000000702d00000| Untracked 
|   8|0x0000000702e00000, 0x0000000702f00000, 0x0000000702f00000|100%| O|  |TAMS 0x0000000702f00000, 0x0000000702e00000| Untracked 
|   9|0x0000000702f00000, 0x0000000703000000, 0x0000000703000000|100%| O|  |TAMS 0x0000000703000000, 0x0000000702f00000| Untracked 
|  10|0x0000000703000000, 0x0000000703100000, 0x0000000703100000|100%| O|  |TAMS 0x0000000703100000, 0x0000000703000000| Untracked 
|  11|0x0000000703100000, 0x0000000703200000, 0x0000000703200000|100%| O|  |TAMS 0x0000000703200000, 0x0000000703100000| Untracked 
|  12|0x0000000703200000, 0x0000000703300000, 0x0000000703300000|100%| O|  |TAMS 0x0000000703300000, 0x0000000703200000| Untracked 
|  13|0x0000000703300000, 0x0000000703400000, 0x0000000703400000|100%| O|  |TAMS 0x00000007033a1200, 0x0000000703300000| Untracked 
|  14|0x0000000703400000, 0x0000000703500000, 0x0000000703500000|100%| O|  |TAMS 0x0000000703400000, 0x0000000703400000| Untracked 
|  15|0x0000000703500000, 0x0000000703600000, 0x0000000703600000|100%| O|  |TAMS 0x0000000703500000, 0x0000000703500000| Untracked 
|  16|0x0000000703600000, 0x0000000703700000, 0x0000000703700000|100%| O|  |TAMS 0x0000000703600000, 0x0000000703600000| Untracked 
|  17|0x0000000703700000, 0x0000000703800000, 0x0000000703800000|100%| O|  |TAMS 0x0000000703700000, 0x0000000703700000| Untracked 
|  18|0x0000000703800000, 0x0000000703900000, 0x0000000703900000|100%| O|  |TAMS 0x0000000703800000, 0x0000000703800000| Untracked 
|  19|0x0000000703900000, 0x0000000703a00000, 0x0000000703a00000|100%| O|  |TAMS 0x0000000703900000, 0x0000000703900000| Untracked 
|  20|0x0000000703a00000, 0x0000000703b00000, 0x0000000703b00000|100%| O|  |TAMS 0x0000000703a00000, 0x0000000703a00000| Untracked 
|  21|0x0000000703b00000, 0x0000000703c00000, 0x0000000703c00000|100%| O|  |TAMS 0x0000000703b00000, 0x0000000703b00000| Untracked 
|  22|0x0000000703c00000, 0x0000000703d00000, 0x0000000703d00000|100%| O|  |TAMS 0x0000000703c00000, 0x0000000703c00000| Untracked 
|  23|0x0000000703d00000, 0x0000000703e00000, 0x0000000703e00000|100%| O|  |TAMS 0x0000000703d00000, 0x0000000703d00000| Untracked 
|  24|0x0000000703e00000, 0x0000000703f00000, 0x0000000703f00000|100%| O|  |TAMS 0x0000000703e00000, 0x0000000703e00000| Untracked 
|  25|0x0000000703f00000, 0x0000000704000000, 0x0000000704000000|100%| O|  |TAMS 0x0000000703f00000, 0x0000000703f00000| Untracked 
|  26|0x0000000704000000, 0x0000000704100000, 0x0000000704100000|100%| O|  |TAMS 0x0000000704000000, 0x0000000704000000| Untracked 
|  27|0x0000000704100000, 0x0000000704136200, 0x0000000704200000| 21%| O|  |TAMS 0x0000000704100000, 0x0000000704100000| Untracked 
|  28|0x0000000704200000, 0x0000000704200000, 0x0000000704300000|  0%| F|  |TAMS 0x0000000704200000, 0x0000000704200000| Untracked 
|  29|0x0000000704300000, 0x0000000704300000, 0x0000000704400000|  0%| F|  |TAMS 0x0000000704300000, 0x0000000704300000| Untracked 
|  30|0x0000000704400000, 0x0000000704400000, 0x0000000704500000|  0%| F|  |TAMS 0x0000000704400000, 0x0000000704400000| Untracked 
|  31|0x0000000704500000, 0x0000000704500000, 0x0000000704600000|  0%| F|  |TAMS 0x0000000704500000, 0x0000000704500000| Untracked 
|  32|0x0000000704600000, 0x0000000704600000, 0x0000000704700000|  0%| F|  |TAMS 0x0000000704600000, 0x0000000704600000| Untracked 
|  33|0x0000000704700000, 0x0000000704700000, 0x0000000704800000|  0%| F|  |TAMS 0x0000000704700000, 0x0000000704700000| Untracked 
|  34|0x0000000704800000, 0x0000000704800000, 0x0000000704900000|  0%| F|  |TAMS 0x0000000704800000, 0x0000000704800000| Untracked 
|  35|0x0000000704900000, 0x0000000704900000, 0x0000000704a00000|  0%| F|  |TAMS 0x0000000704900000, 0x0000000704900000| Untracked 
|  36|0x0000000704a00000, 0x0000000704a00000, 0x0000000704b00000|  0%| F|  |TAMS 0x0000000704a00000, 0x0000000704a00000| Untracked 
|  37|0x0000000704b00000, 0x0000000704b00000, 0x0000000704c00000|  0%| F|  |TAMS 0x0000000704b00000, 0x0000000704b00000| Untracked 
|  38|0x0000000704c00000, 0x0000000704c00000, 0x0000000704d00000|  0%| F|  |TAMS 0x0000000704c00000, 0x0000000704c00000| Untracked 
|  39|0x0000000704d00000, 0x0000000704d00000, 0x0000000704e00000|  0%| F|  |TAMS 0x0000000704d00000, 0x0000000704d00000| Untracked 
|  40|0x0000000704e00000, 0x0000000704e00000, 0x0000000704f00000|  0%| F|  |TAMS 0x0000000704e00000, 0x0000000704e00000| Untracked 
|  41|0x0000000704f00000, 0x0000000704f00000, 0x0000000705000000|  0%| F|  |TAMS 0x0000000704f00000, 0x0000000704f00000| Untracked 
|  42|0x0000000705000000, 0x0000000705000000, 0x0000000705100000|  0%| F|  |TAMS 0x0000000705000000, 0x0000000705000000| Untracked 
|  43|0x0000000705100000, 0x0000000705100000, 0x0000000705200000|  0%| F|  |TAMS 0x0000000705100000, 0x0000000705100000| Untracked 
|  44|0x0000000705200000, 0x0000000705200000, 0x0000000705300000|  0%| F|  |TAMS 0x0000000705200000, 0x0000000705200000| Untracked 
|  45|0x0000000705300000, 0x0000000705300000, 0x0000000705400000|  0%| F|  |TAMS 0x0000000705300000, 0x0000000705300000| Untracked 
|  46|0x0000000705400000, 0x0000000705400000, 0x0000000705500000|  0%| F|  |TAMS 0x0000000705400000, 0x0000000705400000| Untracked 
|  47|0x0000000705500000, 0x0000000705500000, 0x0000000705600000|  0%| F|  |TAMS 0x0000000705500000, 0x0000000705500000| Untracked 
|  48|0x0000000705600000, 0x0000000705600000, 0x0000000705700000|  0%| F|  |TAMS 0x0000000705600000, 0x0000000705600000| Untracked 
|  49|0x0000000705700000, 0x0000000705700000, 0x0000000705800000|  0%| F|  |TAMS 0x0000000705700000, 0x0000000705700000| Untracked 
|  50|0x0000000705800000, 0x0000000705800000, 0x0000000705900000|  0%| F|  |TAMS 0x0000000705800000, 0x0000000705800000| Untracked 
|  51|0x0000000705900000, 0x0000000705900000, 0x0000000705a00000|  0%| F|  |TAMS 0x0000000705900000, 0x0000000705900000| Untracked 
|  52|0x0000000705a00000, 0x0000000705a00000, 0x0000000705b00000|  0%| F|  |TAMS 0x0000000705a00000, 0x0000000705a00000| Untracked 
|  53|0x0000000705b00000, 0x0000000705b00000, 0x0000000705c00000|  0%| F|  |TAMS 0x0000000705b00000, 0x0000000705b00000| Untracked 
|  54|0x0000000705c00000, 0x0000000705c00000, 0x0000000705d00000|  0%| F|  |TAMS 0x0000000705c00000, 0x0000000705c00000| Untracked 
|  55|0x0000000705d00000, 0x0000000705d00000, 0x0000000705e00000|  0%| F|  |TAMS 0x0000000705d00000, 0x0000000705d00000| Untracked 
|  56|0x0000000705e00000, 0x0000000705e00000, 0x0000000705f00000|  0%| F|  |TAMS 0x0000000705e00000, 0x0000000705e00000| Untracked 
|  57|0x0000000705f00000, 0x0000000705f00000, 0x0000000706000000|  0%| F|  |TAMS 0x0000000705f00000, 0x0000000705f00000| Untracked 
|  58|0x0000000706000000, 0x0000000706000000, 0x0000000706100000|  0%| F|  |TAMS 0x0000000706000000, 0x0000000706000000| Untracked 
|  59|0x0000000706100000, 0x0000000706100000, 0x0000000706200000|  0%| F|  |TAMS 0x0000000706100000, 0x0000000706100000| Untracked 
|  60|0x0000000706200000, 0x0000000706200000, 0x0000000706300000|  0%| F|  |TAMS 0x0000000706200000, 0x0000000706200000| Untracked 
|  61|0x0000000706300000, 0x0000000706300000, 0x0000000706400000|  0%| F|  |TAMS 0x0000000706300000, 0x0000000706300000| Untracked 
|  62|0x0000000706400000, 0x0000000706400000, 0x0000000706500000|  0%| F|  |TAMS 0x0000000706400000, 0x0000000706400000| Untracked 
|  63|0x0000000706500000, 0x0000000706500000, 0x0000000706600000|  0%| F|  |TAMS 0x0000000706500000, 0x0000000706500000| Untracked 
|  64|0x0000000706600000, 0x0000000706600000, 0x0000000706700000|  0%| F|  |TAMS 0x0000000706600000, 0x0000000706600000| Untracked 
|  65|0x0000000706700000, 0x0000000706700000, 0x0000000706800000|  0%| F|  |TAMS 0x0000000706700000, 0x0000000706700000| Untracked 
|  66|0x0000000706800000, 0x0000000706800000, 0x0000000706900000|  0%| F|  |TAMS 0x0000000706800000, 0x0000000706800000| Untracked 
|  67|0x0000000706900000, 0x0000000706900000, 0x0000000706a00000|  0%| F|  |TAMS 0x0000000706900000, 0x0000000706900000| Untracked 
|  68|0x0000000706a00000, 0x0000000706a00000, 0x0000000706b00000|  0%| F|  |TAMS 0x0000000706a00000, 0x0000000706a00000| Untracked 
|  69|0x0000000706b00000, 0x0000000706b00000, 0x0000000706c00000|  0%| F|  |TAMS 0x0000000706b00000, 0x0000000706b00000| Untracked 
|  70|0x0000000706c00000, 0x0000000706c00000, 0x0000000706d00000|  0%| F|  |TAMS 0x0000000706c00000, 0x0000000706c00000| Untracked 
|  71|0x0000000706d00000, 0x0000000706d00000, 0x0000000706e00000|  0%| F|  |TAMS 0x0000000706d00000, 0x0000000706d00000| Untracked 
|  72|0x0000000706e00000, 0x0000000706e00000, 0x0000000706f00000|  0%| F|  |TAMS 0x0000000706e00000, 0x0000000706e00000| Untracked 
|  73|0x0000000706f00000, 0x0000000706f00000, 0x0000000707000000|  0%| F|  |TAMS 0x0000000706f00000, 0x0000000706f00000| Untracked 
|  74|0x0000000707000000, 0x0000000707000000, 0x0000000707100000|  0%| F|  |TAMS 0x0000000707000000, 0x0000000707000000| Untracked 
|  75|0x0000000707100000, 0x0000000707100000, 0x0000000707200000|  0%| F|  |TAMS 0x0000000707100000, 0x0000000707100000| Untracked 
|  76|0x0000000707200000, 0x0000000707200000, 0x0000000707300000|  0%| F|  |TAMS 0x0000000707200000, 0x0000000707200000| Untracked 
|  77|0x0000000707300000, 0x0000000707300000, 0x0000000707400000|  0%| F|  |TAMS 0x0000000707300000, 0x0000000707300000| Untracked 
|  78|0x0000000707400000, 0x0000000707400000, 0x0000000707500000|  0%| F|  |TAMS 0x0000000707400000, 0x0000000707400000| Untracked 
|  79|0x0000000707500000, 0x0000000707500000, 0x0000000707600000|  0%| F|  |TAMS 0x0000000707500000, 0x0000000707500000| Untracked 
|  80|0x0000000707600000, 0x0000000707600000, 0x0000000707700000|  0%| F|  |TAMS 0x0000000707600000, 0x0000000707600000| Untracked 
|  81|0x0000000707700000, 0x0000000707700000, 0x0000000707800000|  0%| F|  |TAMS 0x0000000707700000, 0x0000000707700000| Untracked 
|  82|0x0000000707800000, 0x0000000707800000, 0x0000000707900000|  0%| F|  |TAMS 0x0000000707800000, 0x0000000707800000| Untracked 
|  83|0x0000000707900000, 0x0000000707900000, 0x0000000707a00000|  0%| F|  |TAMS 0x0000000707900000, 0x0000000707900000| Untracked 
|  84|0x0000000707a00000, 0x0000000707a00000, 0x0000000707b00000|  0%| F|  |TAMS 0x0000000707a00000, 0x0000000707a00000| Untracked 
|  85|0x0000000707b00000, 0x0000000707b00000, 0x0000000707c00000|  0%| F|  |TAMS 0x0000000707b00000, 0x0000000707b00000| Untracked 
|  86|0x0000000707c00000, 0x0000000707c00000, 0x0000000707d00000|  0%| F|  |TAMS 0x0000000707c00000, 0x0000000707c00000| Untracked 
|  87|0x0000000707d00000, 0x0000000707d00000, 0x0000000707e00000|  0%| F|  |TAMS 0x0000000707d00000, 0x0000000707d00000| Untracked 
|  88|0x0000000707e00000, 0x0000000707e00000, 0x0000000707f00000|  0%| F|  |TAMS 0x0000000707e00000, 0x0000000707e00000| Untracked 
|  89|0x0000000707f00000, 0x0000000707f00000, 0x0000000708000000|  0%| F|  |TAMS 0x0000000707f00000, 0x0000000707f00000| Untracked 
|  90|0x0000000708000000, 0x0000000708000000, 0x0000000708100000|  0%| F|  |TAMS 0x0000000708000000, 0x0000000708000000| Untracked 
|  91|0x0000000708100000, 0x0000000708100000, 0x0000000708200000|  0%| F|  |TAMS 0x0000000708100000, 0x0000000708100000| Untracked 
|  92|0x0000000708200000, 0x0000000708200000, 0x0000000708300000|  0%| F|  |TAMS 0x0000000708200000, 0x0000000708200000| Untracked 
|  93|0x0000000708300000, 0x0000000708300000, 0x0000000708400000|  0%| F|  |TAMS 0x0000000708300000, 0x0000000708300000| Untracked 
|  94|0x0000000708400000, 0x0000000708400000, 0x0000000708500000|  0%| F|  |TAMS 0x0000000708400000, 0x0000000708400000| Untracked 
|  95|0x0000000708500000, 0x0000000708500000, 0x0000000708600000|  0%| F|  |TAMS 0x0000000708500000, 0x0000000708500000| Untracked 
|  96|0x0000000708600000, 0x0000000708600000, 0x0000000708700000|  0%| F|  |TAMS 0x0000000708600000, 0x0000000708600000| Untracked 
|  97|0x0000000708700000, 0x0000000708700000, 0x0000000708800000|  0%| F|  |TAMS 0x0000000708700000, 0x0000000708700000| Untracked 
|  98|0x0000000708800000, 0x0000000708800000, 0x0000000708900000|  0%| F|  |TAMS 0x0000000708800000, 0x0000000708800000| Untracked 
|  99|0x0000000708900000, 0x0000000708900000, 0x0000000708a00000|  0%| F|  |TAMS 0x0000000708900000, 0x0000000708900000| Untracked 
| 100|0x0000000708a00000, 0x0000000708a00000, 0x0000000708b00000|  0%| F|  |TAMS 0x0000000708a00000, 0x0000000708a00000| Untracked 
| 101|0x0000000708b00000, 0x0000000708b00000, 0x0000000708c00000|  0%| F|  |TAMS 0x0000000708b00000, 0x0000000708b00000| Untracked 
| 102|0x0000000708c00000, 0x0000000708c9a6c0, 0x0000000708d00000| 60%| S|CS|TAMS 0x0000000708c00000, 0x0000000708c00000| Complete 
| 103|0x0000000708d00000, 0x0000000708e00000, 0x0000000708e00000|100%| S|CS|TAMS 0x0000000708d00000, 0x0000000708d00000| Complete 
| 104|0x0000000708e00000, 0x0000000708e00000, 0x0000000708f00000|  0%| F|  |TAMS 0x0000000708e00000, 0x0000000708e00000| Untracked 
| 105|0x0000000708f00000, 0x0000000708f00000, 0x0000000709000000|  0%| F|  |TAMS 0x0000000708f00000, 0x0000000708f00000| Untracked 
| 106|0x0000000709000000, 0x0000000709000000, 0x0000000709100000|  0%| F|  |TAMS 0x0000000709000000, 0x0000000709000000| Untracked 
| 107|0x0000000709100000, 0x0000000709100000, 0x0000000709200000|  0%| F|  |TAMS 0x0000000709100000, 0x0000000709100000| Untracked 
| 108|0x0000000709200000, 0x0000000709200000, 0x0000000709300000|  0%| F|  |TAMS 0x0000000709200000, 0x0000000709200000| Untracked 
| 109|0x0000000709300000, 0x0000000709300000, 0x0000000709400000|  0%| F|  |TAMS 0x0000000709300000, 0x0000000709300000| Untracked 
| 110|0x0000000709400000, 0x0000000709400000, 0x0000000709500000|  0%| F|  |TAMS 0x0000000709400000, 0x0000000709400000| Untracked 
| 111|0x0000000709500000, 0x0000000709500000, 0x0000000709600000|  0%| F|  |TAMS 0x0000000709500000, 0x0000000709500000| Untracked 
| 112|0x0000000709600000, 0x0000000709600000, 0x0000000709700000|  0%| F|  |TAMS 0x0000000709600000, 0x0000000709600000| Untracked 
| 113|0x0000000709700000, 0x0000000709700000, 0x0000000709800000|  0%| F|  |TAMS 0x0000000709700000, 0x0000000709700000| Untracked 
| 114|0x0000000709800000, 0x0000000709800000, 0x0000000709900000|  0%| F|  |TAMS 0x0000000709800000, 0x0000000709800000| Untracked 
| 115|0x0000000709900000, 0x0000000709900000, 0x0000000709a00000|  0%| F|  |TAMS 0x0000000709900000, 0x0000000709900000| Untracked 
| 116|0x0000000709a00000, 0x0000000709a00000, 0x0000000709b00000|  0%| F|  |TAMS 0x0000000709a00000, 0x0000000709a00000| Untracked 
| 117|0x0000000709b00000, 0x0000000709b00000, 0x0000000709c00000|  0%| F|  |TAMS 0x0000000709b00000, 0x0000000709b00000| Untracked 
| 118|0x0000000709c00000, 0x0000000709c00000, 0x0000000709d00000|  0%| F|  |TAMS 0x0000000709c00000, 0x0000000709c00000| Untracked 
| 119|0x0000000709d00000, 0x0000000709d00000, 0x0000000709e00000|  0%| F|  |TAMS 0x0000000709d00000, 0x0000000709d00000| Untracked 
| 120|0x0000000709e00000, 0x0000000709e00000, 0x0000000709f00000|  0%| F|  |TAMS 0x0000000709e00000, 0x0000000709e00000| Untracked 
| 121|0x0000000709f00000, 0x0000000709f00000, 0x000000070a000000|  0%| F|  |TAMS 0x0000000709f00000, 0x0000000709f00000| Untracked 
| 122|0x000000070a000000, 0x000000070a000000, 0x000000070a100000|  0%| F|  |TAMS 0x000000070a000000, 0x000000070a000000| Untracked 
| 123|0x000000070a100000, 0x000000070a100000, 0x000000070a200000|  0%| F|  |TAMS 0x000000070a100000, 0x000000070a100000| Untracked 
| 124|0x000000070a200000, 0x000000070a200000, 0x000000070a300000|  0%| F|  |TAMS 0x000000070a200000, 0x000000070a200000| Untracked 
| 125|0x000000070a300000, 0x000000070a300000, 0x000000070a400000|  0%| F|  |TAMS 0x000000070a300000, 0x000000070a300000| Untracked 
| 126|0x000000070a400000, 0x000000070a400000, 0x000000070a500000|  0%| F|  |TAMS 0x000000070a400000, 0x000000070a400000| Untracked 
| 127|0x000000070a500000, 0x000000070a500000, 0x000000070a600000|  0%| F|  |TAMS 0x000000070a500000, 0x000000070a500000| Untracked 
| 128|0x000000070a600000, 0x000000070a600000, 0x000000070a700000|  0%| F|  |TAMS 0x000000070a600000, 0x000000070a600000| Untracked 
| 129|0x000000070a700000, 0x000000070a700000, 0x000000070a800000|  0%| F|  |TAMS 0x000000070a700000, 0x000000070a700000| Untracked 
| 130|0x000000070a800000, 0x000000070a800000, 0x000000070a900000|  0%| F|  |TAMS 0x000000070a800000, 0x000000070a800000| Untracked 
| 131|0x000000070a900000, 0x000000070a900000, 0x000000070aa00000|  0%| F|  |TAMS 0x000000070a900000, 0x000000070a900000| Untracked 
| 132|0x000000070aa00000, 0x000000070aa00000, 0x000000070ab00000|  0%| F|  |TAMS 0x000000070aa00000, 0x000000070aa00000| Untracked 
| 133|0x000000070ab00000, 0x000000070ab00000, 0x000000070ac00000|  0%| F|  |TAMS 0x000000070ab00000, 0x000000070ab00000| Untracked 
| 134|0x000000070ac00000, 0x000000070ac00000, 0x000000070ad00000|  0%| F|  |TAMS 0x000000070ac00000, 0x000000070ac00000| Untracked 
| 135|0x000000070ad00000, 0x000000070ad00000, 0x000000070ae00000|  0%| F|  |TAMS 0x000000070ad00000, 0x000000070ad00000| Untracked 
| 136|0x000000070ae00000, 0x000000070ae00000, 0x000000070af00000|  0%| F|  |TAMS 0x000000070ae00000, 0x000000070ae00000| Untracked 
| 137|0x000000070af00000, 0x000000070af00000, 0x000000070b000000|  0%| F|  |TAMS 0x000000070af00000, 0x000000070af00000| Untracked 
| 138|0x000000070b000000, 0x000000070b000000, 0x000000070b100000|  0%| F|  |TAMS 0x000000070b000000, 0x000000070b000000| Untracked 
| 139|0x000000070b100000, 0x000000070b100000, 0x000000070b200000|  0%| F|  |TAMS 0x000000070b100000, 0x000000070b100000| Untracked 
| 140|0x000000070b200000, 0x000000070b200000, 0x000000070b300000|  0%| F|  |TAMS 0x000000070b200000, 0x000000070b200000| Untracked 
| 141|0x000000070b300000, 0x000000070b300000, 0x000000070b400000|  0%| F|  |TAMS 0x000000070b300000, 0x000000070b300000| Untracked 
| 142|0x000000070b400000, 0x000000070b400000, 0x000000070b500000|  0%| F|  |TAMS 0x000000070b400000, 0x000000070b400000| Untracked 
| 143|0x000000070b500000, 0x000000070b500000, 0x000000070b600000|  0%| F|  |TAMS 0x000000070b500000, 0x000000070b500000| Untracked 
| 144|0x000000070b600000, 0x000000070b600000, 0x000000070b700000|  0%| F|  |TAMS 0x000000070b600000, 0x000000070b600000| Untracked 
| 145|0x000000070b700000, 0x000000070b700000, 0x000000070b800000|  0%| F|  |TAMS 0x000000070b700000, 0x000000070b700000| Untracked 
| 146|0x000000070b800000, 0x000000070b800000, 0x000000070b900000|  0%| F|  |TAMS 0x000000070b800000, 0x000000070b800000| Untracked 
| 147|0x000000070b900000, 0x000000070b900000, 0x000000070ba00000|  0%| F|  |TAMS 0x000000070b900000, 0x000000070b900000| Untracked 
| 148|0x000000070ba00000, 0x000000070ba00000, 0x000000070bb00000|  0%| F|  |TAMS 0x000000070ba00000, 0x000000070ba00000| Untracked 
| 149|0x000000070bb00000, 0x000000070bb00000, 0x000000070bc00000|  0%| F|  |TAMS 0x000000070bb00000, 0x000000070bb00000| Untracked 
| 150|0x000000070bc00000, 0x000000070bc00000, 0x000000070bd00000|  0%| F|  |TAMS 0x000000070bc00000, 0x000000070bc00000| Untracked 
| 151|0x000000070bd00000, 0x000000070bd00000, 0x000000070be00000|  0%| F|  |TAMS 0x000000070bd00000, 0x000000070bd00000| Untracked 
| 152|0x000000070be00000, 0x000000070be00000, 0x000000070bf00000|  0%| F|  |TAMS 0x000000070be00000, 0x000000070be00000| Untracked 
| 153|0x000000070bf00000, 0x000000070bf00000, 0x000000070c000000|  0%| F|  |TAMS 0x000000070bf00000, 0x000000070bf00000| Untracked 
| 154|0x000000070c000000, 0x000000070c000000, 0x000000070c100000|  0%| F|  |TAMS 0x000000070c000000, 0x000000070c000000| Untracked 
| 155|0x000000070c100000, 0x000000070c100000, 0x000000070c200000|  0%| F|  |TAMS 0x000000070c100000, 0x000000070c100000| Untracked 
| 156|0x000000070c200000, 0x000000070c200000, 0x000000070c300000|  0%| F|  |TAMS 0x000000070c200000, 0x000000070c200000| Untracked 
| 157|0x000000070c300000, 0x000000070c300000, 0x000000070c400000|  0%| F|  |TAMS 0x000000070c300000, 0x000000070c300000| Untracked 
| 158|0x000000070c400000, 0x000000070c400000, 0x000000070c500000|  0%| F|  |TAMS 0x000000070c400000, 0x000000070c400000| Untracked 
| 159|0x000000070c500000, 0x000000070c500000, 0x000000070c600000|  0%| F|  |TAMS 0x000000070c500000, 0x000000070c500000| Untracked 
| 160|0x000000070c600000, 0x000000070c600000, 0x000000070c700000|  0%| F|  |TAMS 0x000000070c600000, 0x000000070c600000| Untracked 
| 161|0x000000070c700000, 0x000000070c700000, 0x000000070c800000|  0%| F|  |TAMS 0x000000070c700000, 0x000000070c700000| Untracked 
| 162|0x000000070c800000, 0x000000070c8d6370, 0x000000070c900000| 83%| E|  |TAMS 0x000000070c800000, 0x000000070c800000| Complete 
| 163|0x000000070c900000, 0x000000070ca00000, 0x000000070ca00000|100%| E|CS|TAMS 0x000000070c900000, 0x000000070c900000| Complete 
| 164|0x000000070ca00000, 0x000000070cb00000, 0x000000070cb00000|100%| E|CS|TAMS 0x000000070ca00000, 0x000000070ca00000| Complete 
| 165|0x000000070cb00000, 0x000000070cc00000, 0x000000070cc00000|100%| E|CS|TAMS 0x000000070cb00000, 0x000000070cb00000| Complete 
| 166|0x000000070cc00000, 0x000000070cd00000, 0x000000070cd00000|100%| E|CS|TAMS 0x000000070cc00000, 0x000000070cc00000| Complete 
| 167|0x000000070cd00000, 0x000000070ce00000, 0x000000070ce00000|100%| E|CS|TAMS 0x000000070cd00000, 0x000000070cd00000| Complete 
| 168|0x000000070ce00000, 0x000000070cf00000, 0x000000070cf00000|100%| E|CS|TAMS 0x000000070ce00000, 0x000000070ce00000| Complete 
| 169|0x000000070cf00000, 0x000000070d000000, 0x000000070d000000|100%| E|CS|TAMS 0x000000070cf00000, 0x000000070cf00000| Complete 
| 170|0x000000070d000000, 0x000000070d100000, 0x000000070d100000|100%| E|CS|TAMS 0x000000070d000000, 0x000000070d000000| Complete 
| 171|0x000000070d100000, 0x000000070d200000, 0x000000070d200000|100%| E|CS|TAMS 0x000000070d100000, 0x000000070d100000| Complete 
| 172|0x000000070d200000, 0x000000070d300000, 0x000000070d300000|100%| E|CS|TAMS 0x000000070d200000, 0x000000070d200000| Complete 
| 173|0x000000070d300000, 0x000000070d400000, 0x000000070d400000|100%| E|CS|TAMS 0x000000070d300000, 0x000000070d300000| Complete 
| 174|0x000000070d400000, 0x000000070d500000, 0x000000070d500000|100%| E|CS|TAMS 0x000000070d400000, 0x000000070d400000| Complete 
| 175|0x000000070d500000, 0x000000070d600000, 0x000000070d600000|100%| E|CS|TAMS 0x000000070d500000, 0x000000070d500000| Complete 
| 176|0x000000070d600000, 0x000000070d700000, 0x000000070d700000|100%| E|CS|TAMS 0x000000070d600000, 0x000000070d600000| Complete 
| 177|0x000000070d700000, 0x000000070d800000, 0x000000070d800000|100%| E|CS|TAMS 0x000000070d700000, 0x000000070d700000| Complete 
| 178|0x000000070d800000, 0x000000070d900000, 0x000000070d900000|100%| E|CS|TAMS 0x000000070d800000, 0x000000070d800000| Complete 
| 179|0x000000070d900000, 0x000000070da00000, 0x000000070da00000|100%| E|CS|TAMS 0x000000070d900000, 0x000000070d900000| Complete 
| 180|0x000000070da00000, 0x000000070db00000, 0x000000070db00000|100%| E|CS|TAMS 0x000000070da00000, 0x000000070da00000| Complete 
| 181|0x000000070db00000, 0x000000070dc00000, 0x000000070dc00000|100%| E|CS|TAMS 0x000000070db00000, 0x000000070db00000| Complete 
| 182|0x000000070dc00000, 0x000000070dd00000, 0x000000070dd00000|100%| E|CS|TAMS 0x000000070dc00000, 0x000000070dc00000| Complete 
| 183|0x000000070dd00000, 0x000000070de00000, 0x000000070de00000|100%| E|CS|TAMS 0x000000070dd00000, 0x000000070dd00000| Complete 
| 184|0x000000070de00000, 0x000000070df00000, 0x000000070df00000|100%| E|CS|TAMS 0x000000070de00000, 0x000000070de00000| Complete 
| 185|0x000000070df00000, 0x000000070e000000, 0x000000070e000000|100%| E|CS|TAMS 0x000000070df00000, 0x000000070df00000| Complete 
| 186|0x000000070e000000, 0x000000070e100000, 0x000000070e100000|100%| E|CS|TAMS 0x000000070e000000, 0x000000070e000000| Complete 
| 187|0x000000070e100000, 0x000000070e200000, 0x000000070e200000|100%| E|CS|TAMS 0x000000070e100000, 0x000000070e100000| Complete 
| 188|0x000000070e200000, 0x000000070e300000, 0x000000070e300000|100%| E|CS|TAMS 0x000000070e200000, 0x000000070e200000| Complete 
| 189|0x000000070e300000, 0x000000070e400000, 0x000000070e400000|100%| E|CS|TAMS 0x000000070e300000, 0x000000070e300000| Complete 
| 190|0x000000070e400000, 0x000000070e500000, 0x000000070e500000|100%| E|CS|TAMS 0x000000070e400000, 0x000000070e400000| Complete 
| 191|0x000000070e500000, 0x000000070e600000, 0x000000070e600000|100%| E|CS|TAMS 0x000000070e500000, 0x000000070e500000| Complete 
| 192|0x000000070e600000, 0x000000070e700000, 0x000000070e700000|100%| E|CS|TAMS 0x000000070e600000, 0x000000070e600000| Complete 
| 193|0x000000070e700000, 0x000000070e800000, 0x000000070e800000|100%| E|CS|TAMS 0x000000070e700000, 0x000000070e700000| Complete 
| 194|0x000000070e800000, 0x000000070e900000, 0x000000070e900000|100%| E|CS|TAMS 0x000000070e800000, 0x000000070e800000| Complete 
| 195|0x000000070e900000, 0x000000070ea00000, 0x000000070ea00000|100%| E|CS|TAMS 0x000000070e900000, 0x000000070e900000| Complete 
| 196|0x000000070ea00000, 0x000000070eb00000, 0x000000070eb00000|100%| E|CS|TAMS 0x000000070ea00000, 0x000000070ea00000| Complete 
| 197|0x000000070eb00000, 0x000000070ec00000, 0x000000070ec00000|100%| E|CS|TAMS 0x000000070eb00000, 0x000000070eb00000| Complete 
| 198|0x000000070ec00000, 0x000000070ed00000, 0x000000070ed00000|100%| E|CS|TAMS 0x000000070ec00000, 0x000000070ec00000| Complete 
| 199|0x000000070ed00000, 0x000000070ee00000, 0x000000070ee00000|100%| E|CS|TAMS 0x000000070ed00000, 0x000000070ed00000| Complete 
| 200|0x000000070ee00000, 0x000000070ef00000, 0x000000070ef00000|100%| E|CS|TAMS 0x000000070ee00000, 0x000000070ee00000| Complete 
| 201|0x000000070ef00000, 0x000000070f000000, 0x000000070f000000|100%| E|CS|TAMS 0x000000070ef00000, 0x000000070ef00000| Complete 
| 202|0x000000070f000000, 0x000000070f100000, 0x000000070f100000|100%| E|CS|TAMS 0x000000070f000000, 0x000000070f000000| Complete 
| 203|0x000000070f100000, 0x000000070f200000, 0x000000070f200000|100%| E|CS|TAMS 0x000000070f100000, 0x000000070f100000| Complete 
| 204|0x000000070f200000, 0x000000070f300000, 0x000000070f300000|100%| E|CS|TAMS 0x000000070f200000, 0x000000070f200000| Complete 
| 205|0x000000070f300000, 0x000000070f400000, 0x000000070f400000|100%| E|CS|TAMS 0x000000070f300000, 0x000000070f300000| Complete 
| 206|0x000000070f400000, 0x000000070f500000, 0x000000070f500000|100%| E|CS|TAMS 0x000000070f400000, 0x000000070f400000| Complete 
| 207|0x000000070f500000, 0x000000070f600000, 0x000000070f600000|100%| E|CS|TAMS 0x000000070f500000, 0x000000070f500000| Complete 
| 208|0x000000070f600000, 0x000000070f700000, 0x000000070f700000|100%| E|CS|TAMS 0x000000070f600000, 0x000000070f600000| Complete 
| 209|0x000000070f700000, 0x000000070f800000, 0x000000070f800000|100%| E|CS|TAMS 0x000000070f700000, 0x000000070f700000| Complete 
| 210|0x000000070f800000, 0x000000070f900000, 0x000000070f900000|100%| E|CS|TAMS 0x000000070f800000, 0x000000070f800000| Complete 
| 211|0x000000070f900000, 0x000000070fa00000, 0x000000070fa00000|100%| E|CS|TAMS 0x000000070f900000, 0x000000070f900000| Complete 
| 212|0x000000070fa00000, 0x000000070fb00000, 0x000000070fb00000|100%| E|CS|TAMS 0x000000070fa00000, 0x000000070fa00000| Complete 
| 213|0x000000070fb00000, 0x000000070fc00000, 0x000000070fc00000|100%| E|CS|TAMS 0x000000070fb00000, 0x000000070fb00000| Complete 
| 214|0x000000070fc00000, 0x000000070fd00000, 0x000000070fd00000|100%| E|CS|TAMS 0x000000070fc00000, 0x000000070fc00000| Complete 
| 215|0x000000070fd00000, 0x000000070fe00000, 0x000000070fe00000|100%| E|CS|TAMS 0x000000070fd00000, 0x000000070fd00000| Complete 
| 216|0x000000070fe00000, 0x000000070ff00000, 0x000000070ff00000|100%| E|CS|TAMS 0x000000070fe00000, 0x000000070fe00000| Complete 
| 217|0x000000070ff00000, 0x0000000710000000, 0x0000000710000000|100%| E|CS|TAMS 0x000000070ff00000, 0x000000070ff00000| Complete 
| 218|0x0000000710000000, 0x0000000710100000, 0x0000000710100000|100%| E|CS|TAMS 0x0000000710000000, 0x0000000710000000| Complete 
| 219|0x0000000710100000, 0x0000000710200000, 0x0000000710200000|100%| E|CS|TAMS 0x0000000710100000, 0x0000000710100000| Complete 
| 220|0x0000000710200000, 0x0000000710300000, 0x0000000710300000|100%| E|CS|TAMS 0x0000000710200000, 0x0000000710200000| Complete 
| 221|0x0000000710300000, 0x0000000710400000, 0x0000000710400000|100%| E|CS|TAMS 0x0000000710300000, 0x0000000710300000| Complete 
| 222|0x0000000710400000, 0x0000000710500000, 0x0000000710500000|100%| E|CS|TAMS 0x0000000710400000, 0x0000000710400000| Complete 
| 223|0x0000000710500000, 0x0000000710600000, 0x0000000710600000|100%| E|CS|TAMS 0x0000000710500000, 0x0000000710500000| Complete 
| 224|0x0000000710600000, 0x0000000710700000, 0x0000000710700000|100%| E|CS|TAMS 0x0000000710600000, 0x0000000710600000| Complete 
| 225|0x0000000710700000, 0x0000000710800000, 0x0000000710800000|100%| E|CS|TAMS 0x0000000710700000, 0x0000000710700000| Complete 
| 226|0x0000000710800000, 0x0000000710900000, 0x0000000710900000|100%| E|CS|TAMS 0x0000000710800000, 0x0000000710800000| Complete 
| 227|0x0000000710900000, 0x0000000710a00000, 0x0000000710a00000|100%| E|CS|TAMS 0x0000000710900000, 0x0000000710900000| Complete 
| 228|0x0000000710a00000, 0x0000000710b00000, 0x0000000710b00000|100%| E|CS|TAMS 0x0000000710a00000, 0x0000000710a00000| Complete 
| 229|0x0000000710b00000, 0x0000000710c00000, 0x0000000710c00000|100%| E|CS|TAMS 0x0000000710b00000, 0x0000000710b00000| Complete 
| 230|0x0000000710c00000, 0x0000000710d00000, 0x0000000710d00000|100%| E|CS|TAMS 0x0000000710c00000, 0x0000000710c00000| Complete 
| 231|0x0000000710d00000, 0x0000000710e00000, 0x0000000710e00000|100%| E|CS|TAMS 0x0000000710d00000, 0x0000000710d00000| Complete 
| 232|0x0000000710e00000, 0x0000000710f00000, 0x0000000710f00000|100%| E|CS|TAMS 0x0000000710e00000, 0x0000000710e00000| Complete 
| 233|0x0000000710f00000, 0x0000000711000000, 0x0000000711000000|100%| E|CS|TAMS 0x0000000710f00000, 0x0000000710f00000| Complete 
| 234|0x0000000711000000, 0x0000000711100000, 0x0000000711100000|100%| E|CS|TAMS 0x0000000711000000, 0x0000000711000000| Complete 
| 235|0x0000000711100000, 0x0000000711200000, 0x0000000711200000|100%| E|CS|TAMS 0x0000000711100000, 0x0000000711100000| Complete 
| 236|0x0000000711200000, 0x0000000711300000, 0x0000000711300000|100%| E|CS|TAMS 0x0000000711200000, 0x0000000711200000| Complete 
| 237|0x0000000711300000, 0x0000000711400000, 0x0000000711400000|100%| E|CS|TAMS 0x0000000711300000, 0x0000000711300000| Complete 
| 238|0x0000000711400000, 0x0000000711500000, 0x0000000711500000|100%| E|CS|TAMS 0x0000000711400000, 0x0000000711400000| Complete 
| 239|0x0000000711500000, 0x0000000711600000, 0x0000000711600000|100%| E|CS|TAMS 0x0000000711500000, 0x0000000711500000| Complete 
| 240|0x0000000711600000, 0x0000000711700000, 0x0000000711700000|100%| E|  |TAMS 0x0000000711600000, 0x0000000711600000| Complete 
| 241|0x0000000711700000, 0x0000000711800000, 0x0000000711800000|100%| E|CS|TAMS 0x0000000711700000, 0x0000000711700000| Complete 
| 242|0x0000000711800000, 0x0000000711900000, 0x0000000711900000|100%| E|CS|TAMS 0x0000000711800000, 0x0000000711800000| Complete 
| 243|0x0000000711900000, 0x0000000711a00000, 0x0000000711a00000|100%| E|CS|TAMS 0x0000000711900000, 0x0000000711900000| Complete 
| 244|0x0000000711a00000, 0x0000000711b00000, 0x0000000711b00000|100%| E|CS|TAMS 0x0000000711a00000, 0x0000000711a00000| Complete 
| 245|0x0000000711b00000, 0x0000000711c00000, 0x0000000711c00000|100%| E|CS|TAMS 0x0000000711b00000, 0x0000000711b00000| Complete 
| 246|0x0000000711c00000, 0x0000000711d00000, 0x0000000711d00000|100%| E|CS|TAMS 0x0000000711c00000, 0x0000000711c00000| Complete 
| 247|0x0000000711d00000, 0x0000000711e00000, 0x0000000711e00000|100%| E|CS|TAMS 0x0000000711d00000, 0x0000000711d00000| Complete 
| 248|0x0000000711e00000, 0x0000000711f00000, 0x0000000711f00000|100%| E|CS|TAMS 0x0000000711e00000, 0x0000000711e00000| Complete 
| 249|0x0000000711f00000, 0x0000000712000000, 0x0000000712000000|100%| E|CS|TAMS 0x0000000711f00000, 0x0000000711f00000| Complete 
| 250|0x0000000712000000, 0x0000000712100000, 0x0000000712100000|100%| E|CS|TAMS 0x0000000712000000, 0x0000000712000000| Complete 
| 251|0x0000000712100000, 0x0000000712200000, 0x0000000712200000|100%| E|CS|TAMS 0x0000000712100000, 0x0000000712100000| Complete 
| 252|0x0000000712200000, 0x0000000712300000, 0x0000000712300000|100%| E|CS|TAMS 0x0000000712200000, 0x0000000712200000| Complete 
| 253|0x0000000712300000, 0x0000000712400000, 0x0000000712400000|100%| E|CS|TAMS 0x0000000712300000, 0x0000000712300000| Complete 

Card table byte_map: [0x000002b345c20000,0x000002b346410000] _byte_map_base: 0x000002b34240d000

Marking Bits (Prev, Next): (CMBitMap*) 0x000002b32db42800, (CMBitMap*) 0x000002b32db427c8
 Prev Bits: [0x000002b34ab70000, 0x000002b34ead8000)
 Next Bits: [0x000002b346c00000, 0x000002b34ab68000)

Polling page: 0x000002b32ba60000

Metaspace:

Usage:
  Non-class:     51.19 MB capacity,    49.99 MB ( 98%) used,   993.34 KB (  2%) free+waste,   230.69 KB ( <1%) overhead. 
      Class:      8.05 MB capacity,     7.26 MB ( 90%) used,   692.95 KB (  8%) free+waste,   112.50 KB (  1%) overhead. 
       Both:     59.24 MB capacity,    57.26 MB ( 97%) used,     1.65 MB (  3%) free+waste,   343.19 KB ( <1%) overhead. 

Virtual space:
  Non-class space:       52.00 MB reserved,      51.27 MB ( 99%) committed 
      Class space:        1.00 GB reserved,       8.16 MB ( <1%) committed 
             Both:        1.05 GB reserved,      59.42 MB (  6%) committed 

Chunk freelists:
   Non-Class:  5.88 KB
       Class:  0 bytes
        Both:  5.88 KB

CodeHeap 'non-profiled nmethods': size=238336Kb used=17184Kb max_used=17184Kb free=221151Kb
 bounds [0x000002b336610000, 0x000002b3376e0000, 0x000002b344ed0000]
CodeHeap 'non-nmethods': size=7424Kb used=1322Kb max_used=1322Kb free=6101Kb
 bounds [0x000002b335ed0000, 0x000002b336140000, 0x000002b336610000]
 total_blobs=10152 nmethods=9414 adapters=535
 compilation: enabled
              stopped_count=0, restarted_count=0
 full_count=0

Compilation events (10 events):
Event: 17687.229 Thread 0x000002b3521bf800 9530       1       org.springframework.http.server.reactive.AbstractListenerWriteProcessor::writeIfPossible (59 bytes)
Event: 17687.232 Thread 0x000002b3521bf800 nmethod 9530 0x000002b3376d6b90 code [0x000002b3376d6da0, 0x000002b3376d7210]
Event: 17687.232 Thread 0x000002b3521bf800 9531       1       org.springframework.http.server.reactive.ServletServerHttpResponse$ResponseBodyProcessor::isWritePossible (8 bytes)
Event: 17687.233 Thread 0x000002b3521bf800 nmethod 9531 0x000002b3376d7490 code [0x000002b3376d7640, 0x000002b3376d77b0]
Event: 17687.233 Thread 0x000002b3521bf800 9532       1       org.springframework.http.server.reactive.AbstractListenerWriteProcessor::onWritePossible (67 bytes)
Event: 17687.235 Thread 0x000002b3521bf800 nmethod 9532 0x000002b3376d7890 code [0x000002b3376d7ac0, 0x000002b3376d7fe0]
Event: 17689.191 Thread 0x000002b3521bf800 9533       1       java.lang.StringBuilder::delete (9 bytes)
Event: 17689.192 Thread 0x000002b3521bf800 nmethod 9533 0x000002b3376d8310 code [0x000002b3376d84c0, 0x000002b3376d8610]
Event: 17689.192 Thread 0x000002b3521bf800 9534       1       java.lang.AbstractStringBuilder::delete (46 bytes)
Event: 17689.192 Thread 0x000002b3521bf800 nmethod 9534 0x000002b3376d8690 code [0x000002b3376d8840, 0x000002b3376d8a00]

GC Heap History (10 events):
Event: 17012.424 GC heap before
{Heap before GC invocations=29 (full 0):
 garbage-first heap   total 260096K, used 181459K [0x0000000702600000, 0x0000000800000000)
  region size 1024K, 152 young (155648K), 3 survivors (3072K)
 Metaspace       used 58628K, capacity 60659K, committed 60848K, reserved 1101824K
  class space    used 7436K, capacity 8242K, committed 8352K, reserved 1048576K
}
Event: 17012.431 GC heap after
{Heap after GC invocations=30 (full 0):
 garbage-first heap   total 260096K, used 29521K [0x0000000702600000, 0x0000000800000000)
  region size 1024K, 2 young (2048K), 2 survivors (2048K)
 Metaspace       used 58628K, capacity 60659K, committed 60848K, reserved 1101824K
  class space    used 7436K, capacity 8242K, committed 8352K, reserved 1048576K
}
Event: 17808.169 GC heap before
{Heap before GC invocations=30 (full 0):
 garbage-first heap   total 260096K, used 182097K [0x0000000702600000, 0x0000000800000000)
  region size 1024K, 152 young (155648K), 2 survivors (2048K)
 Metaspace       used 58629K, capacity 60659K, committed 60848K, reserved 1101824K
  class space    used 7436K, capacity 8242K, committed 8352K, reserved 1048576K
}
Event: 17808.178 GC heap after
{Heap after GC invocations=31 (full 0):
 garbage-first heap   total 260096K, used 30140K [0x0000000702600000, 0x0000000800000000)
  region size 1024K, 3 young (3072K), 3 survivors (3072K)
 Metaspace       used 58629K, capacity 60659K, committed 60848K, reserved 1101824K
  class space    used 7436K, capacity 8242K, committed 8352K, reserved 1048576K
}
Event: 18587.241 GC heap before
{Heap before GC invocations=31 (full 0):
 garbage-first heap   total 260096K, used 181692K [0x0000000702600000, 0x0000000800000000)
  region size 1024K, 152 young (155648K), 3 survivors (3072K)
 Metaspace       used 58629K, capacity 60659K, committed 60848K, reserved 1101824K
  class space    used 7436K, capacity 8242K, committed 8352K, reserved 1048576K
}
Event: 18587.245 GC heap after
{Heap after GC invocations=32 (full 0):
 garbage-first heap   total 260096K, used 29887K [0x0000000702600000, 0x0000000800000000)
  region size 1024K, 2 young (2048K), 2 survivors (2048K)
 Metaspace       used 58629K, capacity 60659K, committed 60848K, reserved 1101824K
  class space    used 7436K, capacity 8242K, committed 8352K, reserved 1048576K
}
Event: 19378.192 GC heap before
{Heap before GC invocations=32 (full 0):
 garbage-first heap   total 260096K, used 182463K [0x0000000702600000, 0x0000000800000000)
  region size 1024K, 152 young (155648K), 2 survivors (2048K)
 Metaspace       used 58629K, capacity 60659K, committed 60848K, reserved 1101824K
  class space    used 7436K, capacity 8242K, committed 8352K, reserved 1048576K
}
Event: 19378.217 GC heap after
{Heap after GC invocations=33 (full 0):
 garbage-first heap   total 260096K, used 29805K [0x0000000702600000, 0x0000000800000000)
  region size 1024K, 2 young (2048K), 2 survivors (2048K)
 Metaspace       used 58629K, capacity 60659K, committed 60848K, reserved 1101824K
  class space    used 7436K, capacity 8242K, committed 8352K, reserved 1048576K
}
Event: 20168.058 GC heap before
{Heap before GC invocations=33 (full 0):
 garbage-first heap   total 260096K, used 183405K [0x0000000702600000, 0x0000000800000000)
  region size 1024K, 152 young (155648K), 2 survivors (2048K)
 Metaspace       used 58629K, capacity 60659K, committed 60848K, reserved 1101824K
  class space    used 7436K, capacity 8242K, committed 8352K, reserved 1048576K
}
Event: 20168.063 GC heap after
{Heap after GC invocations=34 (full 0):
 garbage-first heap   total 260096K, used 29506K [0x0000000702600000, 0x0000000800000000)
  region size 1024K, 2 young (2048K), 2 survivors (2048K)
 Metaspace       used 58629K, capacity 60659K, committed 60848K, reserved 1101824K
  class space    used 7436K, capacity 8242K, committed 8352K, reserved 1048576K
}

Deoptimization events (0 events):
No events

Classes redefined (0 events):
No events

Internal exceptions (10 events):
Event: 20600.812 Thread 0x000002b355a4a800 Exception <a 'java/io/FileNotFoundException'{0x000000070d1a0a40}> (0x000000070d1a0a40) thrown at [./open/src/hotspot/share/prims/jni.cpp, line 611]
Event: 20600.812 Thread 0x000002b355a4a800 Exception <a 'java/io/FileNotFoundException'{0x000000070d1a11d0}> (0x000000070d1a11d0) thrown at [./open/src/hotspot/share/prims/jni.cpp, line 611]
Event: 20610.813 Thread 0x000002b355a4a800 Exception <a 'java/io/FileNotFoundException'{0x000000070d1a56c0}> (0x000000070d1a56c0) thrown at [./open/src/hotspot/share/prims/jni.cpp, line 611]
Event: 20610.813 Thread 0x000002b355a4a800 Exception <a 'java/io/FileNotFoundException'{0x000000070cfa1270}> (0x000000070cfa1270) thrown at [./open/src/hotspot/share/prims/jni.cpp, line 611]
Event: 20620.814 Thread 0x000002b355a4a800 Exception <a 'java/io/FileNotFoundException'{0x000000070cfa5760}> (0x000000070cfa5760) thrown at [./open/src/hotspot/share/prims/jni.cpp, line 611]
Event: 20620.814 Thread 0x000002b355a4a800 Exception <a 'java/io/FileNotFoundException'{0x000000070cfa5ef0}> (0x000000070cfa5ef0) thrown at [./open/src/hotspot/share/prims/jni.cpp, line 611]
Event: 20630.824 Thread 0x000002b355a4a800 Exception <a 'java/io/FileNotFoundException'{0x000000070cb9d960}> (0x000000070cb9d960) thrown at [./open/src/hotspot/share/prims/jni.cpp, line 611]
Event: 20630.824 Thread 0x000002b355a4a800 Exception <a 'java/io/FileNotFoundException'{0x000000070cb9e0f0}> (0x000000070cb9e0f0) thrown at [./open/src/hotspot/share/prims/jni.cpp, line 611]
Event: 20640.826 Thread 0x000002b355a4a800 Exception <a 'java/io/FileNotFoundException'{0x000000070cba25e0}> (0x000000070cba25e0) thrown at [./open/src/hotspot/share/prims/jni.cpp, line 611]
Event: 20640.826 Thread 0x000002b355a4a800 Exception <a 'java/io/FileNotFoundException'{0x000000070cba2d70}> (0x000000070cba2d70) thrown at [./open/src/hotspot/share/prims/jni.cpp, line 611]

Events (10 events):
Event: 20648.084 Executing VM operation: RevokeBias done
Event: 20648.084 Executing VM operation: RevokeBias
Event: 20648.085 Executing VM operation: RevokeBias done
Event: 20648.085 Executing VM operation: RevokeBias
Event: 20648.085 Executing VM operation: RevokeBias done
Event: 20648.085 Executing VM operation: RevokeBias
Event: 20648.085 Executing VM operation: RevokeBias done
Event: 20648.085 Executing VM operation: RevokeBias
Event: 20648.086 Executing VM operation: RevokeBias done
Event: 20648.086 Executing VM operation: BulkRevokeBias


Dynamic libraries:
0x00007ff731070000 - 0x00007ff7310b7000 	C:\Program Files\Java\jdk-11.0.7\bin\java.exe
0x00007ffbc3460000 - 0x00007ffbc3667000 	C:\WINDOWS\SYSTEM32\ntdll.dll
0x00007ffbc2060000 - 0x00007ffbc211d000 	C:\WINDOWS\System32\KERNEL32.DLL
0x00007ffbc0d00000 - 0x00007ffbc1074000 	C:\WINDOWS\System32\KERNELBASE.dll
0x00007ffbbdb50000 - 0x00007ffbbdbe1000 	C:\WINDOWS\SYSTEM32\apphelp.dll
0x00007ffbc2f80000 - 0x00007ffbc302c000 	C:\WINDOWS\System32\ADVAPI32.dll
0x00007ffbc22e0000 - 0x00007ffbc2383000 	C:\WINDOWS\System32\msvcrt.dll
0x00007ffbc2800000 - 0x00007ffbc289d000 	C:\WINDOWS\System32\sechost.dll
0x00007ffbc1bd0000 - 0x00007ffbc1cf1000 	C:\WINDOWS\System32\RPCRT4.dll
0x00007ffbc3200000 - 0x00007ffbc33ac000 	C:\WINDOWS\System32\USER32.dll
0x00007ffbc12c0000 - 0x00007ffbc12e6000 	C:\WINDOWS\System32\win32u.dll
0x00007ffbc2d90000 - 0x00007ffbc2db9000 	C:\WINDOWS\System32\GDI32.dll
0x00007ffbc0be0000 - 0x00007ffbc0cf2000 	C:\WINDOWS\System32\gdi32full.dll
0x00007ffbc1080000 - 0x00007ffbc111d000 	C:\WINDOWS\System32\msvcp_win.dll
0x00007ffbc11a0000 - 0x00007ffbc12b1000 	C:\WINDOWS\System32\ucrtbase.dll
0x00007ffba3930000 - 0x00007ffba3bd5000 	C:\WINDOWS\WinSxS\amd64_microsoft.windows.common-controls_6595b64144ccf1df_6.0.22000.120_none_9d947278b86cc467\COMCTL32.dll
0x00007ffbbb810000 - 0x00007ffbbb81a000 	C:\WINDOWS\SYSTEM32\VERSION.dll
0x00007ffbc2d20000 - 0x00007ffbc2d51000 	C:\WINDOWS\System32\IMM32.DLL
0x00007ffbbb2c0000 - 0x00007ffbbb2d6000 	C:\Program Files\Java\jdk-11.0.7\bin\vcruntime140.dll
0x00007ffb7bab0000 - 0x00007ffb7bb5a000 	C:\Program Files\Java\jdk-11.0.7\bin\msvcp140.dll
0x00007ffb49c00000 - 0x00007ffb4a761000 	C:\Program Files\Java\jdk-11.0.7\bin\server\jvm.dll
0x00007ffbc1410000 - 0x00007ffbc1418000 	C:\WINDOWS\System32\PSAPI.DLL
0x00007ffba5210000 - 0x00007ffba5219000 	C:\WINDOWS\SYSTEM32\WSOCK32.dll
0x00007ffbbb870000 - 0x00007ffbbb8a3000 	C:\WINDOWS\SYSTEM32\WINMM.dll
0x00007ffbc1f00000 - 0x00007ffbc1f6f000 	C:\WINDOWS\System32\WS2_32.dll
0x00007ffbbfb50000 - 0x00007ffbbfb68000 	C:\WINDOWS\SYSTEM32\kernel.appcore.dll
0x00007ffba8d20000 - 0x00007ffba8d31000 	C:\Program Files\Java\jdk-11.0.7\bin\verify.dll
0x00007ffbbe500000 - 0x00007ffbbe721000 	C:\WINDOWS\SYSTEM32\DBGHELP.DLL
0x00007ffbac610000 - 0x00007ffbac641000 	C:\WINDOWS\SYSTEM32\dbgcore.DLL
0x00007ffbc1120000 - 0x00007ffbc11a0000 	C:\WINDOWS\System32\bcryptPrimitives.dll
0x00007ffba86a0000 - 0x00007ffba86c9000 	C:\Program Files\Java\jdk-11.0.7\bin\java.dll
0x00007ffbbdab0000 - 0x00007ffbbdaba000 	C:\Program Files\Java\jdk-11.0.7\bin\jimage.dll
0x00007ffba8dc0000 - 0x00007ffba8df8000 	C:\Program Files\Java\jdk-11.0.7\bin\jdwp.dll
0x00007ffba8d90000 - 0x00007ffba8dc0000 	C:\Program Files\Java\jdk-11.0.7\bin\instrument.dll
0x00007ffba8d00000 - 0x00007ffba8d16000 	C:\Program Files\Java\jdk-11.0.7\bin\zip.dll
0x00007ffbc1420000 - 0x00007ffbc1bce000 	C:\WINDOWS\System32\SHELL32.dll
0x00007ffbbeae0000 - 0x00007ffbbf347000 	C:\WINDOWS\SYSTEM32\windows.storage.dll
0x00007ffbc28a0000 - 0x00007ffbc2c18000 	C:\WINDOWS\System32\combase.dll
0x00007ffbbe970000 - 0x00007ffbbead6000 	C:\WINDOWS\SYSTEM32\wintypes.dll
0x00007ffbc1f70000 - 0x00007ffbc205a000 	C:\WINDOWS\System32\SHCORE.dll
0x00007ffbc1ea0000 - 0x00007ffbc1efd000 	C:\WINDOWS\System32\shlwapi.dll
0x00007ffbc0870000 - 0x00007ffbc0891000 	C:\WINDOWS\SYSTEM32\profapi.dll
0x00007ffbbdb20000 - 0x00007ffbbdb2a000 	C:\Program Files\Java\jdk-11.0.7\bin\dt_socket.dll
0x00007ffbbff60000 - 0x00007ffbbffc7000 	C:\WINDOWS\system32\mswsock.dll
0x00007ffba8220000 - 0x00007ffba8239000 	C:\Program Files\Java\jdk-11.0.7\bin\net.dll
0x00007ffbba550000 - 0x00007ffbba65c000 	C:\WINDOWS\SYSTEM32\WINHTTP.dll
0x00007ffba7f90000 - 0x00007ffba7fa3000 	C:\Program Files\Java\jdk-11.0.7\bin\nio.dll
0x00007ffbbf5d0000 - 0x00007ffbbf6b7000 	C:\WINDOWS\SYSTEM32\DNSAPI.dll
0x00007ffbbf5a0000 - 0x00007ffbbf5cd000 	C:\WINDOWS\SYSTEM32\IPHLPAPI.DLL
0x00007ffbc2d60000 - 0x00007ffbc2d69000 	C:\WINDOWS\System32\NSI.dll
0x00007ffbb8250000 - 0x00007ffbb825a000 	C:\Windows\System32\rasadhlp.dll
0x00007ffbb7b80000 - 0x00007ffbb7c01000 	C:\WINDOWS\System32\fwpuclnt.dll
0x00007ffbbbbb0000 - 0x00007ffbbbbb9000 	C:\Program Files\Java\jdk-11.0.7\bin\management.dll
0x00007ffbbb8d0000 - 0x00007ffbbb8dc000 	C:\Program Files\Java\jdk-11.0.7\bin\management_ext.dll
0x00007ffbc01a0000 - 0x00007ffbc01b8000 	C:\WINDOWS\SYSTEM32\CRYPTSP.dll
0x00007ffbbfab0000 - 0x00007ffbbfae5000 	C:\WINDOWS\system32\rsaenh.dll
0x00007ffbc0050000 - 0x00007ffbc0079000 	C:\WINDOWS\SYSTEM32\USERENV.dll
0x00007ffbc0320000 - 0x00007ffbc0347000 	C:\WINDOWS\SYSTEM32\bcrypt.dll
0x00007ffbc01c0000 - 0x00007ffbc01cc000 	C:\WINDOWS\SYSTEM32\CRYPTBASE.dll
0x00007ffbbada0000 - 0x00007ffbbadb9000 	C:\WINDOWS\SYSTEM32\dhcpcsvc6.DLL
0x00007ffbbb840000 - 0x00007ffbbb85e000 	C:\WINDOWS\SYSTEM32\dhcpcsvc.DLL
0x00007ffba1e90000 - 0x00007ffba1ea7000 	C:\WINDOWS\system32\napinsp.dll
0x00007ffba1d90000 - 0x00007ffba1dab000 	C:\WINDOWS\system32\pnrpnsp.dll
0x00007ffb9f7f0000 - 0x00007ffb9f802000 	C:\WINDOWS\System32\winrnr.dll
0x00007ffb9f7d0000 - 0x00007ffb9f7e5000 	C:\WINDOWS\system32\wshbth.dll
0x00007ffb9eb20000 - 0x00007ffb9eb3f000 	C:\WINDOWS\system32\nlansp_c.dll
0x00007ffb5a210000 - 0x00007ffb5a25f000 	C:\WINDOWS\SYSTEM32\pdh.dll
0x00007ffbbb370000 - 0x00007ffbbb380000 	C:\WINDOWS\System32\perfos.dll
0x00007ffbbdda0000 - 0x00007ffbbddae000 	C:\WINDOWS\SYSTEM32\pfclient.dll
0x00007ffbbfa10000 - 0x00007ffbbfa5d000 	C:\WINDOWS\SYSTEM32\powrprof.dll
0x00007ffbbf950000 - 0x00007ffbbf963000 	C:\WINDOWS\SYSTEM32\UMPDC.dll

dbghelp: loaded successfully - version: 4.0.5 - missing functions: none
symbol engine: initialized successfully - sym options: 0x614 - pdb path: .;C:\Program Files\Java\jdk-11.0.7\bin;C:\WINDOWS\SYSTEM32;C:\WINDOWS\WinSxS\amd64_microsoft.windows.common-controls_6595b64144ccf1df_6.0.22000.120_none_9d947278b86cc467;C:\Program Files\Java\jdk-11.0.7\bin\server

VM Arguments:
jvm_args: -agentlib:jdwp=transport=dt_socket,address=127.0.0.1:52307,suspend=y,server=n -XX:TieredStopAtLevel=1 -Xverify:none -Dspring.output.ansi.enabled=always -javaagent:C:\Users\wu\AppData\Local\JetBrains\IntelliJIdea2021.1\captureAgent\debugger-agent.jar -Dcom.sun.management.jmxremote -Dspring.jmx.enabled=true -Dspring.liveBeansView.mbeanDomain -Dspring.application.admin.enabled=true -Dfile.encoding=UTF-8 
java_command: icu.junyao.gateway.ApiGatewayApplication
java_class_path (initial): D:\IdeaProjects\springThunder\gateway\target\classes;D:\maven\repository\org\springframework\boot\spring-boot-starter-web\2.5.5\spring-boot-starter-web-2.5.5.jar;D:\maven\repository\org\springframework\boot\spring-boot-starter\2.5.5\spring-boot-starter-2.5.5.jar;D:\maven\repository\org\springframework\boot\spring-boot\2.5.5\spring-boot-2.5.5.jar;D:\maven\repository\org\springframework\spring-context\5.3.10\spring-context-5.3.10.jar;D:\maven\repository\org\springframework\spring-expression\5.3.10\spring-expression-5.3.10.jar;D:\maven\repository\org\springframework\boot\spring-boot-autoconfigure\2.5.5\spring-boot-autoconfigure-2.5.5.jar;D:\maven\repository\org\springframework\boot\spring-boot-starter-logging\2.5.5\spring-boot-starter-logging-2.5.5.jar;D:\maven\repository\ch\qos\logback\logback-classic\1.2.6\logback-classic-1.2.6.jar;D:\maven\repository\ch\qos\logback\logback-core\1.2.6\logback-core-1.2.6.jar;D:\maven\repository\org\apache\logging\log4j\log4j-to-slf4j\2.14.1\log4j-to-slf4j-2.14.1.jar;D:\maven\repository\org\apache\logging\log4j\log4j-api\2.14.1\log4j-api-2.14.1.jar;D:\maven\repository\org\slf4j\jul-to-slf4j\1.7.32\jul-to-slf4j-1.7.32.jar;D:\maven\repository\jakarta\annotation\jakarta.annotation-api\1.3.5\jakarta.annotation-api-1.3.5.jar;D:\maven\repository\org\springframework\spring-core\5.3.10\spring-core-5.3.10.jar;D:\maven\repository\org\springframework\spring-jcl\5.3.10\spring-jcl-5.3.10.jar;D:\maven\repository\org\yaml\snakeyaml\1.28\snakeyaml-1.28.jar;D:\maven\repository\org\springframework\boot\spring-boot-starter-json\2.5.5\spring-boot-starter-json-2.5.5.jar;D:\maven\repository\com\fasterxml\jackson\core\jackson-databind\2.12.5\jackson-databind-2.12.5.jar;D:\maven\repository\com\fasterxml\jackson\core\jackson-annotations\2.12.5\jackson-annotations-2.12.5.jar;D:\maven\repository\com\fasterxml\jackson\datatype\jackson-datatype-jdk8\2.12.5\jackson-datatype-jdk8-2.12.5.jar;D:\maven\repository\com\fasterxml\jackson\datat
Launcher Type: SUN_STANDARD

[Global flags]
     bool BytecodeVerificationLocal                = false                                     {product} {command line}
     bool BytecodeVerificationRemote               = false                                     {product} {command line}
     intx CICompilerCount                          = 4                                         {product} {ergonomic}
     uint ConcGCThreads                            = 3                                         {product} {ergonomic}
     uint G1ConcRefinementThreads                  = 10                                        {product} {ergonomic}
   size_t G1HeapRegionSize                         = 1048576                                   {product} {ergonomic}
    uintx GCDrainStackTargetSize                   = 64                                        {product} {ergonomic}
   size_t InitialHeapSize                          = 266338304                                 {product} {ergonomic}
     bool ManagementServer                         = true                                      {product} {command line}
   size_t MarkStackSize                            = 4194304                                   {product} {ergonomic}
   size_t MaxHeapSize                              = 4255121408                                {product} {ergonomic}
   size_t MaxNewSize                               = 2552233984                                {product} {ergonomic}
   size_t MinHeapDeltaBytes                        = 1048576                                   {product} {ergonomic}
    uintx NonNMethodCodeHeapSize                   = 7549744                                {pd product} {ergonomic}
    uintx NonProfiledCodeHeapSize                  = 244108496                              {pd product} {ergonomic}
    uintx ProfiledCodeHeapSize                     = 0                                      {pd product} {ergonomic}
    uintx ReservedCodeCacheSize                    = 251658240                              {pd product} {ergonomic}
     bool SegmentedCodeCache                       = true                                      {product} {ergonomic}
     intx TieredStopAtLevel                        = 1                                         {product} {command line}
     bool UseCompressedClassPointers               = true                                 {lp64_product} {ergonomic}
     bool UseCompressedOops                        = true                                 {lp64_product} {ergonomic}
     bool UseG1GC                                  = true                                      {product} {ergonomic}
     bool UseLargePagesIndividualAllocation        = false                                  {pd product} {ergonomic}

Logging:
Log output configuration:
 #0: stdout all=warning uptime,level,tags
 #1: stderr all=off uptime,level,tags

Environment Variables:
JAVA_HOME=C:\Program Files\Java\jdk-11.0.7
PATH=D:\vmware\bin\;"D:\apache-maven-3.8.1-bin\apache-maven-3.8.1\bin";C:\Program Files\Java\jdk-11.0.7\bin;C:\Windows\system32;C:\Windows;C:\Windows\System32\Wbem;C:\Windows\System32\WindowsPowerShell\v1.0\;C:\Windows\System32\OpenSSH\;D:\xshell\Xshell 7\;D:\xshell\Xftp 7\;C:\Program Files\MySQL\MySQL Server 8.0\bin;C:\Program Files\NVIDIA Corporation\NVIDIA NvDLISR;D:\Git\cmd;D:\nodeJs\;D:\redis\;%SystemRoot%\system32;%SystemRoot%;%SystemRoot%\System32\Wbem;%SYSTEMROOT%\System32\WindowsPowerShell\v1.0\;%SYSTEMROOT%\System32\OpenSSH\;C:\Program Files\MySQL\MySQL Shell 8.0\bin\;C:\Users\wu\AppData\Local\Microsoft\WindowsApps;C:\Program Files\Bandizip\;D:\Microsoft VS Code\bin;C:\Users\wu\AppData\Roaming\npm;D:\Fiddler;C:\Program Files\JetBrains\IntelliJ IDEA 2020.3.3\bin;;C:\Users\wu\AppData\Local\Microsoft\WindowsApps;
USERNAME=wu
OS=Windows_NT
PROCESSOR_IDENTIFIER=Intel64 Family 6 Model 158 Stepping 10, GenuineIntel



---------------  S Y S T E M  ---------------

OS: Windows 10 , 64 bit Build 22000 (10.0.22000.318)

CPU:total 12 (initial active 12) (6 cores per cpu, 2 threads per core) family 6 model 158 stepping 10, cmov, cx8, fxsr, mmx, sse, sse2, sse3, ssse3, sse4.1, sse4.2, popcnt, avx, avx2, aes, clmul, erms, 3dnowpref, lzcnt, ht, tsc, tscinvbit, bmi1, bmi2, adx, fma

Memory: 4k page, system-wide physical 16231M (1689M free)
TotalPageFile size 31388M (AvailPageFile size 0M)
current process WorkingSet (physical memory assigned to process): 193M, peak: 494M
current process commit charge ("private bytes"): 655M, peak: 656M

vm_info: Java HotSpot(TM) 64-Bit Server VM (11.0.7+8-LTS) for windows-amd64 JRE (11.0.7+8-LTS), built on Mar 12 2020 02:04:32 by "mach5one" with MS VC++ 15.5 (VS2017)

END.
